<?xml version='1.0' encoding='UTF-8'?>
<testsuite hostname="gurkan-G3-3579" name="tags.TagTest" tests="8" errors="0" failures="0" skipped="0" time="0.017" timestamp="2019-06-23T18:57:46">
                     <properties>
[...]
</properties>
                     <testcase classname="tags.TagTest" name="convertToHtml method should successfully convert the given native markdown input to the html tags" time="0.016">
                                                 
                                               </testcase><testcase classname="tags.TagTest" name="boldTag convert method should successfully convert the native markdown bold tag to html bold tag" time="0.0">
                                                 
                                               </testcase><testcase classname="tags.TagTest" name="italicTag convert method should successfully convert the native markdown italic tag to html italic tag" time="0.0">
                                                 
                                               </testcase><testcase classname="tags.TagTest" name="underlineTag convert method should successfully convert the native markdown underline tag to html underline tag" time="0.0">
                                                 
                                               </testcase><testcase classname="tags.TagTest" name="newLineTag convert method should successfully convert the newlines to html newLine tag" time="0.0">
                                                 
                                               </testcase><testcase classname="tags.TagTest" name="imageTag convert method should successfully convert the native markdown image tag to html image tag" time="0.001">
                                                 
                                               </testcase><testcase classname="tags.TagTest" name="imageTag convert method should use the url attribute without extension part for the alt attribute if alt attribute is omitted" time="0.0">
                                                 
                                               </testcase><testcase classname="tags.TagTest" name="linkTag convert method should successfully convert the native markdown link tag to the html link tag" time="0.0">
                                                 
                                               </testcase>
                     <system-out><![CDATA[]]></system-out>
                     <system-err><![CDATA[]]></system-err>
                   </testsuite>